<?xml version="1.0" encoding="UTF-8"?>
<testng-results skipped="0" failed="0" ignored="0" total="2" passed="2">
  <reporter-output>
  </reporter-output>
  <suite name="Default suite" duration-ms="5600" started-at="2022-11-09T20:29:44Z" finished-at="2022-11-09T20:29:49Z">
    <groups>
    </groups>
    <test name="Default test" duration-ms="5600" started-at="2022-11-09T20:29:44Z" finished-at="2022-11-09T20:29:49Z">
      <class name="com.obsqura.selenium.TestNGSample.checkField">
        <test-method status="PASS" signature="initialiseBrowser()[pri:0, instance:com.obsqura.selenium.TestNGSample.checkField@14bf9759]" name="initialiseBrowser" is-config="true" duration-ms="4685" started-at="2022-11-10T01:59:44Z" finished-at="2022-11-10T01:59:48Z">
          <reporter-output>
          </reporter-output>
        </test-method> <!-- initialiseBrowser -->
        <test-method status="PASS" signature="checkSumOfNumbers()[pri:0, instance:com.obsqura.selenium.TestNGSample.checkField@14bf9759]" name="checkSumOfNumbers" duration-ms="403" started-at="2022-11-10T01:59:48Z" finished-at="2022-11-10T01:59:49Z">
          <reporter-output>
          </reporter-output>
        </test-method> <!-- checkSumOfNumbers -->
        <test-method status="PASS" signature="checkFieldAlphabets()[pri:1, instance:com.obsqura.selenium.TestNGSample.checkField@14bf9759]" name="checkFieldAlphabets" duration-ms="341" started-at="2022-11-10T01:59:49Z" finished-at="2022-11-10T01:59:49Z">
          <reporter-output>
          </reporter-output>
        </test-method> <!-- checkFieldAlphabets -->
        <test-method status="PASS" signature="browserClose()[pri:0, instance:com.obsqura.selenium.TestNGSample.checkField@14bf9759]" name="browserClose" is-config="true" duration-ms="139" started-at="2022-11-10T01:59:49Z" finished-at="2022-11-10T01:59:49Z">
          <reporter-output>
          </reporter-output>
        </test-method> <!-- browserClose -->
      </class> <!-- com.obsqura.selenium.TestNGSample.checkField -->
    </test> <!-- Default test -->
  </suite> <!-- Default suite -->
</testng-results>
